mode: set
github.com/FolkodeGroup/mediapp/cmd/vault_get_secret.go:11.13,13.21 2 0
github.com/FolkodeGroup/mediapp/cmd/vault_get_secret.go:13.21,15.3 1 0
github.com/FolkodeGroup/mediapp/cmd/vault_get_secret.go:16.2,17.22 2 0
github.com/FolkodeGroup/mediapp/cmd/vault_get_secret.go:17.22,19.3 1 0
github.com/FolkodeGroup/mediapp/cmd/vault_get_secret.go:21.2,24.16 4 0
github.com/FolkodeGroup/mediapp/cmd/vault_get_secret.go:24.16,25.61 1 0
github.com/FolkodeGroup/mediapp/cmd/vault_get_secret.go:27.2,30.16 3 0
github.com/FolkodeGroup/mediapp/cmd/vault_get_secret.go:30.16,31.55 1 0
github.com/FolkodeGroup/mediapp/cmd/vault_get_secret.go:34.2,34.49 1 0
github.com/FolkodeGroup/mediapp/cmd/vault_get_secret.go:34.49,37.9 3 0
github.com/FolkodeGroup/mediapp/cmd/vault_get_secret.go:37.9,39.32 2 0
github.com/FolkodeGroup/mediapp/cmd/vault_get_secret.go:39.32,41.5 1 0
github.com/FolkodeGroup/mediapp/cmd/vault_get_secret.go:41.10,43.5 1 0
github.com/FolkodeGroup/mediapp/cmd/vault_get_secret.go:44.9,46.4 1 0
github.com/FolkodeGroup/mediapp/cmd/vault_get_secret.go:47.8,49.3 1 0
github.com/FolkodeGroup/mediapp/internal/logger/logger.go:11.13,14.16 3 1
github.com/FolkodeGroup/mediapp/internal/logger/logger.go:14.16,15.60 1 0
github.com/FolkodeGroup/mediapp/internal/logger/logger.go:21.22,22.16 1 1
github.com/FolkodeGroup/mediapp/internal/logger/logger.go:22.16,25.3 2 0
github.com/FolkodeGroup/mediapp/internal/logger/logger.go:26.2,26.12 1 1
github.com/FolkodeGroup/mediapp/internal/logger/logger.go:31.13,32.16 1 0
github.com/FolkodeGroup/mediapp/internal/logger/logger.go:32.16,34.3 1 0
github.com/FolkodeGroup/mediapp/docs/docs.go:105.13,107.2 1 0
github.com/FolkodeGroup/mediapp/internal/db/db.go:23.57,26.19 2 0
github.com/FolkodeGroup/mediapp/internal/db/db.go:26.19,37.111 2 0
github.com/FolkodeGroup/mediapp/internal/db/db.go:37.111,40.4 2 0
github.com/FolkodeGroup/mediapp/internal/db/db.go:43.2,49.16 5 0
github.com/FolkodeGroup/mediapp/internal/db/db.go:49.16,52.3 2 0
github.com/FolkodeGroup/mediapp/internal/db/db.go:54.2,54.39 1 0
github.com/FolkodeGroup/mediapp/internal/db/db.go:54.39,58.3 3 0
github.com/FolkodeGroup/mediapp/internal/db/db.go:60.2,61.18 2 0
github.com/FolkodeGroup/mediapp/internal/db/db.go:65.50,68.23 2 0
github.com/FolkodeGroup/mediapp/internal/db/db.go:68.23,70.3 1 0
github.com/FolkodeGroup/mediapp/internal/db/db.go:71.2,71.15 1 0
github.com/FolkodeGroup/mediapp/internal/handlers/auth.go:23.72,28.2 1 0
github.com/FolkodeGroup/mediapp/internal/handlers/auth.go:41.45,47.52 2 0
github.com/FolkodeGroup/mediapp/internal/handlers/auth.go:47.52,50.3 2 0
github.com/FolkodeGroup/mediapp/internal/handlers/auth.go:52.2,61.26 4 0
github.com/FolkodeGroup/mediapp/internal/handlers/auth.go:61.26,64.3 2 0
github.com/FolkodeGroup/mediapp/internal/handlers/auth.go:64.8,64.23 1 0
github.com/FolkodeGroup/mediapp/internal/handlers/auth.go:64.23,68.3 3 0
github.com/FolkodeGroup/mediapp/internal/handlers/auth.go:71.2,71.66 1 0
github.com/FolkodeGroup/mediapp/internal/handlers/auth.go:71.66,74.2 2 0
github.com/FolkodeGroup/mediapp/internal/handlers/auth.go:77.2,78.16 2 0
github.com/FolkodeGroup/mediapp/internal/handlers/auth.go:78.16,82.3 3 0
github.com/FolkodeGroup/mediapp/internal/handlers/auth.go:85.2,97.4 1 0
github.com/FolkodeGroup/mediapp/internal/handlers/auth.go:111.48,120.49 2 0
github.com/FolkodeGroup/mediapp/internal/handlers/auth.go:120.49,123.3 2 0
github.com/FolkodeGroup/mediapp/internal/handlers/auth.go:125.2,126.16 2 0
github.com/FolkodeGroup/mediapp/internal/handlers/auth.go:126.16,129.3 2 0
github.com/FolkodeGroup/mediapp/internal/handlers/auth.go:131.2,134.16 3 0
github.com/FolkodeGroup/mediapp/internal/handlers/auth.go:134.16,138.3 3 0
github.com/FolkodeGroup/mediapp/internal/handlers/auth.go:140.2,145.16 2 0
github.com/FolkodeGroup/mediapp/internal/handlers/auth.go:145.16,149.3 3 0
github.com/FolkodeGroup/mediapp/internal/handlers/auth.go:151.2,154.4 1 0
github.com/FolkodeGroup/mediapp/internal/handlers/auth.go:158.57,160.22 2 0
github.com/FolkodeGroup/mediapp/internal/handlers/auth.go:160.22,163.3 2 0
github.com/FolkodeGroup/mediapp/internal/handlers/auth.go:165.2,167.16 3 0
github.com/FolkodeGroup/mediapp/internal/handlers/auth.go:167.16,170.3 2 0
github.com/FolkodeGroup/mediapp/internal/handlers/auth.go:172.2,173.16 2 0
github.com/FolkodeGroup/mediapp/internal/handlers/auth.go:173.16,176.3 2 0
github.com/FolkodeGroup/mediapp/internal/handlers/auth.go:178.2,183.4 1 0
github.com/FolkodeGroup/mediapp/internal/handlers/health.go:19.54,20.30 1 0
github.com/FolkodeGroup/mediapp/internal/handlers/health.go:20.30,22.18 2 0
github.com/FolkodeGroup/mediapp/internal/handlers/health.go:22.18,25.41 3 0
github.com/FolkodeGroup/mediapp/internal/handlers/health.go:25.41,27.5 1 0
github.com/FolkodeGroup/mediapp/internal/handlers/health.go:29.3,32.5 1 0
github.com/FolkodeGroup/mediapp/internal/handlers/pacientes.go:21.82,26.2 1 0
github.com/FolkodeGroup/mediapp/internal/handlers/pacientes.go:51.56,65.16 5 0
github.com/FolkodeGroup/mediapp/internal/handlers/pacientes.go:65.16,71.3 3 0
github.com/FolkodeGroup/mediapp/internal/handlers/pacientes.go:72.2,75.18 3 0
github.com/FolkodeGroup/mediapp/internal/handlers/pacientes.go:75.18,82.17 3 0
github.com/FolkodeGroup/mediapp/internal/handlers/pacientes.go:82.17,84.12 2 0
github.com/FolkodeGroup/mediapp/internal/handlers/pacientes.go:86.3,86.35 1 0
github.com/FolkodeGroup/mediapp/internal/handlers/pacientes.go:89.2,93.4 1 0
github.com/FolkodeGroup/mediapp/internal/handlers/pacientes.go:104.55,107.16 3 0
github.com/FolkodeGroup/mediapp/internal/handlers/pacientes.go:107.16,112.3 2 0
github.com/FolkodeGroup/mediapp/internal/handlers/pacientes.go:114.2,133.16 6 0
github.com/FolkodeGroup/mediapp/internal/handlers/pacientes.go:133.16,139.3 3 0
github.com/FolkodeGroup/mediapp/internal/handlers/pacientes.go:141.2,144.4 1 0
github.com/FolkodeGroup/mediapp/internal/handlers/pacientes.go:154.66,159.41 3 0
github.com/FolkodeGroup/mediapp/internal/handlers/pacientes.go:159.41,166.3 3 0
github.com/FolkodeGroup/mediapp/internal/handlers/pacientes.go:169.2,186.31 4 0
github.com/FolkodeGroup/mediapp/internal/handlers/pacientes.go:186.31,190.17 4 0
github.com/FolkodeGroup/mediapp/internal/handlers/pacientes.go:190.17,197.4 3 0
github.com/FolkodeGroup/mediapp/internal/handlers/pacientes.go:197.9,203.4 2 0
github.com/FolkodeGroup/mediapp/internal/handlers/pacientes.go:206.2,215.4 1 0
github.com/FolkodeGroup/mediapp/internal/handlers/pacientes.go:226.57,249.31 5 0
github.com/FolkodeGroup/mediapp/internal/handlers/pacientes.go:249.31,259.3 2 0
github.com/FolkodeGroup/mediapp/internal/handlers/pacientes.go:262.2,270.16 3 0
github.com/FolkodeGroup/mediapp/internal/handlers/pacientes.go:270.16,278.3 3 0
github.com/FolkodeGroup/mediapp/internal/handlers/pacientes.go:279.2,282.18 3 0
github.com/FolkodeGroup/mediapp/internal/handlers/pacientes.go:282.18,287.17 4 0
github.com/FolkodeGroup/mediapp/internal/handlers/pacientes.go:287.17,289.12 2 0
github.com/FolkodeGroup/mediapp/internal/handlers/pacientes.go:292.3,297.27 2 0
github.com/FolkodeGroup/mediapp/internal/handlers/pacientes.go:297.27,299.4 1 0
github.com/FolkodeGroup/mediapp/internal/handlers/pacientes.go:300.3,300.36 1 0
github.com/FolkodeGroup/mediapp/internal/handlers/pacientes.go:303.2,308.4 1 0
github.com/FolkodeGroup/mediapp/internal/handlers/pacientes.go:318.60,342.35 7 0
github.com/FolkodeGroup/mediapp/internal/handlers/pacientes.go:342.35,349.17 5 0
github.com/FolkodeGroup/mediapp/internal/handlers/pacientes.go:349.17,356.4 5 0
github.com/FolkodeGroup/mediapp/internal/handlers/pacientes.go:356.9,370.18 6 0
github.com/FolkodeGroup/mediapp/internal/handlers/pacientes.go:370.18,374.5 2 0
github.com/FolkodeGroup/mediapp/internal/handlers/pacientes.go:374.10,376.21 2 0
github.com/FolkodeGroup/mediapp/internal/handlers/pacientes.go:376.21,381.20 4 0
github.com/FolkodeGroup/mediapp/internal/handlers/pacientes.go:381.20,382.15 1 0
github.com/FolkodeGroup/mediapp/internal/handlers/pacientes.go:385.6,390.30 2 0
github.com/FolkodeGroup/mediapp/internal/handlers/pacientes.go:390.30,392.7 1 0
github.com/FolkodeGroup/mediapp/internal/handlers/pacientes.go:393.6,393.39 1 0
github.com/FolkodeGroup/mediapp/internal/handlers/pacientes.go:395.5,397.46 3 0
github.com/FolkodeGroup/mediapp/internal/handlers/pacientes.go:401.4,401.17 1 0
github.com/FolkodeGroup/mediapp/internal/handlers/pacientes.go:401.17,404.19 3 0
github.com/FolkodeGroup/mediapp/internal/handlers/pacientes.go:404.19,406.6 1 0
github.com/FolkodeGroup/mediapp/internal/handlers/pacientes.go:406.11,409.28 2 0
github.com/FolkodeGroup/mediapp/internal/handlers/pacientes.go:409.28,413.46 3 0
github.com/FolkodeGroup/mediapp/internal/handlers/pacientes.go:413.46,415.8 1 0
github.com/FolkodeGroup/mediapp/internal/handlers/pacientes.go:418.7,420.29 3 0
github.com/FolkodeGroup/mediapp/internal/handlers/pacientes.go:420.29,422.8 1 0
github.com/FolkodeGroup/mediapp/internal/handlers/pacientes.go:424.7,424.59 1 0
github.com/FolkodeGroup/mediapp/internal/handlers/pacientes.go:424.59,426.44 2 0
github.com/FolkodeGroup/mediapp/internal/handlers/pacientes.go:426.44,428.9 1 0
github.com/FolkodeGroup/mediapp/internal/handlers/pacientes.go:429.8,429.38 1 0
github.com/FolkodeGroup/mediapp/internal/handlers/pacientes.go:432.6,434.46 3 0
github.com/FolkodeGroup/mediapp/internal/handlers/pacientes.go:439.3,439.39 1 0
github.com/FolkodeGroup/mediapp/internal/handlers/pacientes.go:443.2,458.4 2 0
github.com/FolkodeGroup/mediapp/internal/auth/jwt.go:13.49,15.18 2 0
github.com/FolkodeGroup/mediapp/internal/auth/jwt.go:15.18,18.3 2 0
github.com/FolkodeGroup/mediapp/internal/auth/jwt.go:19.2,19.22 1 0
github.com/FolkodeGroup/mediapp/internal/auth/jwt.go:19.22,21.3 1 0
github.com/FolkodeGroup/mediapp/internal/auth/jwt.go:22.2,22.23 1 0
github.com/FolkodeGroup/mediapp/internal/auth/jwt.go:29.31,31.2 1 0
github.com/FolkodeGroup/mediapp/internal/auth/jwt.go:41.62,42.25 1 0
github.com/FolkodeGroup/mediapp/internal/auth/jwt.go:42.25,44.3 1 0
github.com/FolkodeGroup/mediapp/internal/auth/jwt.go:46.2,62.16 5 0
github.com/FolkodeGroup/mediapp/internal/auth/jwt.go:62.16,64.3 1 0
github.com/FolkodeGroup/mediapp/internal/auth/jwt.go:66.2,66.25 1 0
github.com/FolkodeGroup/mediapp/internal/auth/jwt.go:70.63,71.25 1 0
github.com/FolkodeGroup/mediapp/internal/auth/jwt.go:71.25,73.3 1 0
github.com/FolkodeGroup/mediapp/internal/auth/jwt.go:75.2,77.101 2 0
github.com/FolkodeGroup/mediapp/internal/auth/jwt.go:77.101,78.58 1 0
github.com/FolkodeGroup/mediapp/internal/auth/jwt.go:78.58,80.4 1 0
github.com/FolkodeGroup/mediapp/internal/auth/jwt.go:81.3,81.27 1 0
github.com/FolkodeGroup/mediapp/internal/auth/jwt.go:84.2,84.16 1 0
github.com/FolkodeGroup/mediapp/internal/auth/jwt.go:84.16,86.3 1 0
github.com/FolkodeGroup/mediapp/internal/auth/jwt.go:88.2,88.18 1 0
github.com/FolkodeGroup/mediapp/internal/auth/jwt.go:88.18,90.3 1 0
github.com/FolkodeGroup/mediapp/internal/auth/jwt.go:92.2,92.20 1 0
github.com/FolkodeGroup/mediapp/internal/config/config.go:12.29,19.16 4 1
github.com/FolkodeGroup/mediapp/internal/config/config.go:19.16,21.3 1 0
github.com/FolkodeGroup/mediapp/internal/config/config.go:23.2,27.16 3 1
github.com/FolkodeGroup/mediapp/internal/config/config.go:27.16,29.3 1 0
github.com/FolkodeGroup/mediapp/internal/config/config.go:31.2,31.49 1 1
github.com/FolkodeGroup/mediapp/internal/config/config.go:31.49,33.59 2 1
github.com/FolkodeGroup/mediapp/internal/config/config.go:33.59,36.4 2 1
github.com/FolkodeGroup/mediapp/internal/config/config.go:41.16,43.2 1 0
github.com/FolkodeGroup/mediapp/internal/config/config.go:46.42,47.48 1 0
github.com/FolkodeGroup/mediapp/internal/config/config.go:47.48,49.3 1 0
github.com/FolkodeGroup/mediapp/internal/config/config.go:50.2,50.17 1 0
github.com/FolkodeGroup/mediapp/cmd/server/main.go:27.13,29.40 1 0
github.com/FolkodeGroup/mediapp/cmd/server/main.go:29.40,31.3 1 0
github.com/FolkodeGroup/mediapp/cmd/server/main.go:32.2,43.16 6 0
github.com/FolkodeGroup/mediapp/cmd/server/main.go:43.16,45.3 1 0
github.com/FolkodeGroup/mediapp/cmd/server/main.go:46.2,46.15 1 0
github.com/FolkodeGroup/mediapp/cmd/server/main.go:46.15,47.18 1 0
github.com/FolkodeGroup/mediapp/cmd/server/main.go:47.18,50.4 2 0
github.com/FolkodeGroup/mediapp/cmd/server/main.go:54.2,54.38 1 0
github.com/FolkodeGroup/mediapp/cmd/server/main.go:54.38,56.3 1 0
github.com/FolkodeGroup/mediapp/cmd/server/main.go:56.8,58.3 1 0
github.com/FolkodeGroup/mediapp/cmd/server/main.go:61.2,70.39 6 0
github.com/FolkodeGroup/mediapp/cmd/server/main.go:70.39,78.3 1 0
github.com/FolkodeGroup/mediapp/cmd/server/main.go:81.2,93.2 7 0
github.com/FolkodeGroup/mediapp/cmd/server/main.go:93.2,102.3 5 0
github.com/FolkodeGroup/mediapp/cmd/server/main.go:105.2,106.16 2 0
github.com/FolkodeGroup/mediapp/cmd/server/main.go:106.16,108.3 1 0
github.com/FolkodeGroup/mediapp/cmd/server/main.go:111.2,128.12 5 0
github.com/FolkodeGroup/mediapp/cmd/server/main.go:128.12,130.80 2 0
github.com/FolkodeGroup/mediapp/cmd/server/main.go:130.80,132.4 1 0
github.com/FolkodeGroup/mediapp/cmd/server/main.go:136.2,143.45 5 0
github.com/FolkodeGroup/mediapp/cmd/server/main.go:143.45,145.3 1 0
github.com/FolkodeGroup/mediapp/cmd/server/main.go:147.2,147.52 1 0
github.com/FolkodeGroup/mediapp/internal/security/password.go:6.52,8.19 2 1
github.com/FolkodeGroup/mediapp/internal/security/password.go:8.19,10.6 1 0
github.com/FolkodeGroup/mediapp/internal/security/password.go:11.5,11.39 1 1
github.com/FolkodeGroup/mediapp/internal/security/password.go:16.52,19.2 2 1
github.com/FolkodeGroup/mediapp/internal/security/password.go:23.49,25.2 1 0
