mode: set
github.com/FolkodeGroup/mediapp/cmd/vault_get_secret.go:11.13,13.21 2 0
github.com/FolkodeGroup/mediapp/cmd/vault_get_secret.go:13.21,15.3 1 0
github.com/FolkodeGroup/mediapp/cmd/vault_get_secret.go:16.2,17.22 2 0
github.com/FolkodeGroup/mediapp/cmd/vault_get_secret.go:17.22,19.3 1 0
github.com/FolkodeGroup/mediapp/cmd/vault_get_secret.go:21.2,24.16 4 0
github.com/FolkodeGroup/mediapp/cmd/vault_get_secret.go:24.16,25.61 1 0
github.com/FolkodeGroup/mediapp/cmd/vault_get_secret.go:27.2,30.16 3 0
github.com/FolkodeGroup/mediapp/cmd/vault_get_secret.go:30.16,31.55 1 0
github.com/FolkodeGroup/mediapp/cmd/vault_get_secret.go:34.2,34.49 1 0
github.com/FolkodeGroup/mediapp/cmd/vault_get_secret.go:34.49,37.9 3 0
github.com/FolkodeGroup/mediapp/cmd/vault_get_secret.go:37.9,39.32 2 0
github.com/FolkodeGroup/mediapp/cmd/vault_get_secret.go:39.32,41.5 1 0
github.com/FolkodeGroup/mediapp/cmd/vault_get_secret.go:41.10,43.5 1 0
github.com/FolkodeGroup/mediapp/cmd/vault_get_secret.go:44.9,46.4 1 0
github.com/FolkodeGroup/mediapp/cmd/vault_get_secret.go:47.8,49.3 1 0
github.com/FolkodeGroup/mediapp/docs/docs.go:105.13,107.2 1 0
github.com/FolkodeGroup/mediapp/internal/config/config.go:12.29,20.16 5 0
github.com/FolkodeGroup/mediapp/internal/config/config.go:20.16,22.3 1 0
github.com/FolkodeGroup/mediapp/internal/config/config.go:24.2,29.16 4 0
github.com/FolkodeGroup/mediapp/internal/config/config.go:29.16,31.3 1 0
github.com/FolkodeGroup/mediapp/internal/config/config.go:33.2,33.19 1 0
github.com/FolkodeGroup/mediapp/internal/config/config.go:33.19,36.3 2 0
github.com/FolkodeGroup/mediapp/internal/config/config.go:38.2,38.32 1 0
github.com/FolkodeGroup/mediapp/internal/config/config.go:38.32,41.3 2 0
github.com/FolkodeGroup/mediapp/internal/config/config.go:43.2,44.58 2 0
github.com/FolkodeGroup/mediapp/internal/config/config.go:44.58,47.3 2 0
github.com/FolkodeGroup/mediapp/internal/config/config.go:47.8,49.3 1 0
github.com/FolkodeGroup/mediapp/internal/config/config.go:53.16,55.2 1 0
github.com/FolkodeGroup/mediapp/internal/config/config.go:58.42,59.48 1 0
github.com/FolkodeGroup/mediapp/internal/config/config.go:59.48,61.3 1 0
github.com/FolkodeGroup/mediapp/internal/config/config.go:62.2,62.17 1 0
github.com/FolkodeGroup/mediapp/internal/auth/jwt.go:13.49,15.18 2 0
github.com/FolkodeGroup/mediapp/internal/auth/jwt.go:15.18,18.3 2 0
github.com/FolkodeGroup/mediapp/internal/auth/jwt.go:19.2,19.22 1 0
github.com/FolkodeGroup/mediapp/internal/auth/jwt.go:19.22,21.3 1 0
github.com/FolkodeGroup/mediapp/internal/auth/jwt.go:22.2,22.23 1 0
github.com/FolkodeGroup/mediapp/internal/auth/jwt.go:29.31,31.2 1 0
github.com/FolkodeGroup/mediapp/internal/auth/jwt.go:41.62,42.25 1 0
github.com/FolkodeGroup/mediapp/internal/auth/jwt.go:42.25,44.3 1 0
github.com/FolkodeGroup/mediapp/internal/auth/jwt.go:46.2,62.16 5 0
github.com/FolkodeGroup/mediapp/internal/auth/jwt.go:62.16,64.3 1 0
github.com/FolkodeGroup/mediapp/internal/auth/jwt.go:66.2,66.25 1 0
github.com/FolkodeGroup/mediapp/internal/auth/jwt.go:70.63,71.25 1 0
github.com/FolkodeGroup/mediapp/internal/auth/jwt.go:71.25,73.3 1 0
github.com/FolkodeGroup/mediapp/internal/auth/jwt.go:75.2,77.101 2 0
github.com/FolkodeGroup/mediapp/internal/auth/jwt.go:77.101,78.58 1 0
github.com/FolkodeGroup/mediapp/internal/auth/jwt.go:78.58,80.4 1 0
github.com/FolkodeGroup/mediapp/internal/auth/jwt.go:81.3,81.27 1 0
github.com/FolkodeGroup/mediapp/internal/auth/jwt.go:84.2,84.16 1 0
github.com/FolkodeGroup/mediapp/internal/auth/jwt.go:84.16,86.3 1 0
github.com/FolkodeGroup/mediapp/internal/auth/jwt.go:88.2,88.18 1 0
github.com/FolkodeGroup/mediapp/internal/auth/jwt.go:88.18,90.3 1 0
github.com/FolkodeGroup/mediapp/internal/auth/jwt.go:92.2,92.20 1 0
github.com/FolkodeGroup/mediapp/internal/db/db.go:23.57,26.19 2 0
github.com/FolkodeGroup/mediapp/internal/db/db.go:26.19,37.111 2 0
github.com/FolkodeGroup/mediapp/internal/db/db.go:37.111,40.4 2 0
github.com/FolkodeGroup/mediapp/internal/db/db.go:43.2,49.16 5 0
github.com/FolkodeGroup/mediapp/internal/db/db.go:49.16,52.3 2 0
github.com/FolkodeGroup/mediapp/internal/db/db.go:54.2,54.39 1 0
github.com/FolkodeGroup/mediapp/internal/db/db.go:54.39,58.3 3 0
github.com/FolkodeGroup/mediapp/internal/db/db.go:60.2,61.18 2 0
github.com/FolkodeGroup/mediapp/internal/db/db.go:65.50,68.23 2 0
github.com/FolkodeGroup/mediapp/internal/db/db.go:68.23,70.3 1 0
github.com/FolkodeGroup/mediapp/internal/db/db.go:71.2,71.15 1 0
github.com/FolkodeGroup/mediapp/internal/db/db.go:75.67,86.19 5 0
github.com/FolkodeGroup/mediapp/internal/db/db.go:86.19,90.6 2 0
github.com/FolkodeGroup/mediapp/internal/db/db.go:92.5,93.15 2 0
github.com/FolkodeGroup/mediapp/cmd/server/main.go:28.13,30.40 1 0
github.com/FolkodeGroup/mediapp/cmd/server/main.go:30.40,32.3 1 0
github.com/FolkodeGroup/mediapp/cmd/server/main.go:33.2,44.16 6 0
github.com/FolkodeGroup/mediapp/cmd/server/main.go:44.16,46.3 1 0
github.com/FolkodeGroup/mediapp/cmd/server/main.go:47.2,47.15 1 0
github.com/FolkodeGroup/mediapp/cmd/server/main.go:47.15,48.18 1 0
github.com/FolkodeGroup/mediapp/cmd/server/main.go:48.18,51.4 2 0
github.com/FolkodeGroup/mediapp/cmd/server/main.go:55.2,55.60 1 0
github.com/FolkodeGroup/mediapp/cmd/server/main.go:55.60,58.3 1 0
github.com/FolkodeGroup/mediapp/cmd/server/main.go:61.2,61.38 1 0
github.com/FolkodeGroup/mediapp/cmd/server/main.go:61.38,63.3 1 0
github.com/FolkodeGroup/mediapp/cmd/server/main.go:63.8,65.3 1 0
github.com/FolkodeGroup/mediapp/cmd/server/main.go:68.2,82.39 9 0
github.com/FolkodeGroup/mediapp/cmd/server/main.go:82.39,90.3 1 0
github.com/FolkodeGroup/mediapp/cmd/server/main.go:93.2,105.2 7 0
github.com/FolkodeGroup/mediapp/cmd/server/main.go:105.2,117.3 8 0
github.com/FolkodeGroup/mediapp/cmd/server/main.go:120.2,121.16 2 0
github.com/FolkodeGroup/mediapp/cmd/server/main.go:121.16,123.3 1 0
github.com/FolkodeGroup/mediapp/cmd/server/main.go:126.2,143.12 5 0
github.com/FolkodeGroup/mediapp/cmd/server/main.go:143.12,145.80 2 0
github.com/FolkodeGroup/mediapp/cmd/server/main.go:145.80,147.4 1 0
github.com/FolkodeGroup/mediapp/cmd/server/main.go:151.2,158.45 5 0
github.com/FolkodeGroup/mediapp/cmd/server/main.go:158.45,160.3 1 0
github.com/FolkodeGroup/mediapp/cmd/server/main.go:162.2,162.52 1 0
github.com/FolkodeGroup/mediapp/internal/logger/context.go:10.51,12.52 1 0
github.com/FolkodeGroup/mediapp/internal/logger/context.go:12.52,14.3 1 0
github.com/FolkodeGroup/mediapp/internal/logger/context.go:17.2,17.12 1 0
github.com/FolkodeGroup/mediapp/internal/logger/logger.go:11.13,14.16 3 1
github.com/FolkodeGroup/mediapp/internal/logger/logger.go:14.16,15.60 1 0
github.com/FolkodeGroup/mediapp/internal/logger/logger.go:21.22,22.16 1 1
github.com/FolkodeGroup/mediapp/internal/logger/logger.go:22.16,25.3 2 0
github.com/FolkodeGroup/mediapp/internal/logger/logger.go:26.2,26.12 1 1
github.com/FolkodeGroup/mediapp/internal/logger/logger.go:31.13,32.16 1 0
github.com/FolkodeGroup/mediapp/internal/logger/logger.go:32.16,34.3 1 0
github.com/FolkodeGroup/mediapp/internal/middleware/logging.go:11.42,12.30 1 0
github.com/FolkodeGroup/mediapp/internal/middleware/logging.go:12.30,33.3 5 0
github.com/FolkodeGroup/mediapp/internal/middleware/request_id.go:20.62,21.30 1 0
github.com/FolkodeGroup/mediapp/internal/middleware/request_id.go:21.30,24.22 2 0
github.com/FolkodeGroup/mediapp/internal/middleware/request_id.go:24.22,26.4 1 0
github.com/FolkodeGroup/mediapp/internal/middleware/request_id.go:29.3,51.11 8 0
github.com/FolkodeGroup/mediapp/internal/security/password.go:6.52,8.19 2 1
github.com/FolkodeGroup/mediapp/internal/security/password.go:8.19,10.6 1 0
github.com/FolkodeGroup/mediapp/internal/security/password.go:11.5,11.39 1 1
github.com/FolkodeGroup/mediapp/internal/security/password.go:16.52,19.2 2 1
github.com/FolkodeGroup/mediapp/internal/security/password.go:23.49,25.2 1 0
github.com/FolkodeGroup/mediapp/internal/handlers/auth.go:37.63,44.2 1 1
github.com/FolkodeGroup/mediapp/internal/handlers/auth.go:57.45,62.54 2 1
github.com/FolkodeGroup/mediapp/internal/handlers/auth.go:62.54,63.39 1 0
github.com/FolkodeGroup/mediapp/internal/handlers/auth.go:63.39,65.4 1 0
github.com/FolkodeGroup/mediapp/internal/handlers/auth.go:68.2,73.52 2 1
github.com/FolkodeGroup/mediapp/internal/handlers/auth.go:73.52,76.3 2 1
github.com/FolkodeGroup/mediapp/internal/handlers/auth.go:78.2,106.35 8 1
github.com/FolkodeGroup/mediapp/internal/handlers/auth.go:106.35,112.3 3 1
github.com/FolkodeGroup/mediapp/internal/handlers/auth.go:112.8,112.23 1 1
github.com/FolkodeGroup/mediapp/internal/handlers/auth.go:112.23,118.3 3 1
github.com/FolkodeGroup/mediapp/internal/handlers/auth.go:122.2,126.27 2 1
github.com/FolkodeGroup/mediapp/internal/handlers/auth.go:126.27,137.3 3 1
github.com/FolkodeGroup/mediapp/internal/handlers/auth.go:141.2,146.56 2 1
github.com/FolkodeGroup/mediapp/internal/handlers/auth.go:146.56,155.17 3 1
github.com/FolkodeGroup/mediapp/internal/handlers/auth.go:155.17,159.4 1 1
github.com/FolkodeGroup/mediapp/internal/handlers/auth.go:161.3,170.9 3 1
github.com/FolkodeGroup/mediapp/internal/handlers/auth.go:174.2,181.16 3 1
github.com/FolkodeGroup/mediapp/internal/handlers/auth.go:181.16,186.3 1 1
github.com/FolkodeGroup/mediapp/internal/handlers/auth.go:189.2,190.16 2 1
github.com/FolkodeGroup/mediapp/internal/handlers/auth.go:190.16,196.3 3 1
github.com/FolkodeGroup/mediapp/internal/handlers/auth.go:199.2,220.4 2 1
github.com/FolkodeGroup/mediapp/internal/handlers/auth.go:234.48,244.49 2 1
github.com/FolkodeGroup/mediapp/internal/handlers/auth.go:244.49,247.3 2 1
github.com/FolkodeGroup/mediapp/internal/handlers/auth.go:249.2,250.16 2 1
github.com/FolkodeGroup/mediapp/internal/handlers/auth.go:250.16,253.3 2 0
github.com/FolkodeGroup/mediapp/internal/handlers/auth.go:255.2,258.16 3 1
github.com/FolkodeGroup/mediapp/internal/handlers/auth.go:258.16,262.3 3 0
github.com/FolkodeGroup/mediapp/internal/handlers/auth.go:264.2,269.16 2 1
github.com/FolkodeGroup/mediapp/internal/handlers/auth.go:269.16,274.3 4 0
github.com/FolkodeGroup/mediapp/internal/handlers/auth.go:276.2,279.4 1 1
github.com/FolkodeGroup/mediapp/internal/handlers/auth.go:283.57,285.22 2 1
github.com/FolkodeGroup/mediapp/internal/handlers/auth.go:285.22,288.3 2 1
github.com/FolkodeGroup/mediapp/internal/handlers/auth.go:290.2,292.16 3 1
github.com/FolkodeGroup/mediapp/internal/handlers/auth.go:292.16,295.3 2 0
github.com/FolkodeGroup/mediapp/internal/handlers/auth.go:297.2,298.16 2 1
github.com/FolkodeGroup/mediapp/internal/handlers/auth.go:298.16,301.3 2 1
github.com/FolkodeGroup/mediapp/internal/handlers/auth.go:303.2,308.4 1 1
github.com/FolkodeGroup/mediapp/internal/handlers/health.go:19.54,20.30 1 0
github.com/FolkodeGroup/mediapp/internal/handlers/health.go:20.30,22.18 2 0
github.com/FolkodeGroup/mediapp/internal/handlers/health.go:22.18,25.41 3 0
github.com/FolkodeGroup/mediapp/internal/handlers/health.go:25.41,27.5 1 0
github.com/FolkodeGroup/mediapp/internal/handlers/health.go:29.3,32.5 1 0
github.com/FolkodeGroup/mediapp/internal/handlers/pacientes.go:14.58,16.49 2 0
github.com/FolkodeGroup/mediapp/internal/handlers/pacientes.go:16.49,19.3 2 0
github.com/FolkodeGroup/mediapp/internal/handlers/pacientes.go:20.2,43.16 7 0
github.com/FolkodeGroup/mediapp/internal/handlers/pacientes.go:43.16,47.3 3 0
github.com/FolkodeGroup/mediapp/internal/handlers/pacientes.go:49.2,52.4 1 0
github.com/FolkodeGroup/mediapp/internal/handlers/pacientes.go:68.58,71.49 3 0
github.com/FolkodeGroup/mediapp/internal/handlers/pacientes.go:71.49,74.3 2 0
github.com/FolkodeGroup/mediapp/internal/handlers/pacientes.go:76.2,95.16 5 0
github.com/FolkodeGroup/mediapp/internal/handlers/pacientes.go:95.16,99.3 3 0
github.com/FolkodeGroup/mediapp/internal/handlers/pacientes.go:100.2,100.29 1 0
github.com/FolkodeGroup/mediapp/internal/handlers/pacientes.go:100.29,103.3 2 0
github.com/FolkodeGroup/mediapp/internal/handlers/pacientes.go:104.2,104.78 1 0
github.com/FolkodeGroup/mediapp/internal/handlers/pacientes.go:117.58,124.16 6 0
github.com/FolkodeGroup/mediapp/internal/handlers/pacientes.go:124.16,128.3 3 0
github.com/FolkodeGroup/mediapp/internal/handlers/pacientes.go:129.2,129.29 1 0
github.com/FolkodeGroup/mediapp/internal/handlers/pacientes.go:129.29,132.3 2 0
github.com/FolkodeGroup/mediapp/internal/handlers/pacientes.go:133.2,133.76 1 0
github.com/FolkodeGroup/mediapp/internal/handlers/pacientes.go:143.82,148.2 1 0
github.com/FolkodeGroup/mediapp/internal/handlers/pacientes.go:172.56,184.16 5 0
github.com/FolkodeGroup/mediapp/internal/handlers/pacientes.go:184.16,190.3 3 0
github.com/FolkodeGroup/mediapp/internal/handlers/pacientes.go:191.2,194.18 3 0
github.com/FolkodeGroup/mediapp/internal/handlers/pacientes.go:194.18,204.17 3 0
github.com/FolkodeGroup/mediapp/internal/handlers/pacientes.go:204.17,206.12 2 0
github.com/FolkodeGroup/mediapp/internal/handlers/pacientes.go:208.3,221.35 2 0
github.com/FolkodeGroup/mediapp/internal/handlers/pacientes.go:224.2,228.4 1 0
github.com/FolkodeGroup/mediapp/internal/handlers/pacientes.go:232.34,234.2 1 0
github.com/FolkodeGroup/mediapp/internal/handlers/pacientes.go:244.55,266.16 7 0
github.com/FolkodeGroup/mediapp/internal/handlers/pacientes.go:266.16,272.3 3 0
github.com/FolkodeGroup/mediapp/internal/handlers/pacientes.go:273.2,289.4 2 0
github.com/FolkodeGroup/mediapp/internal/handlers/pacientes.go:299.66,304.41 3 0
github.com/FolkodeGroup/mediapp/internal/handlers/pacientes.go:304.41,311.3 3 0
github.com/FolkodeGroup/mediapp/internal/handlers/pacientes.go:314.2,331.31 4 0
github.com/FolkodeGroup/mediapp/internal/handlers/pacientes.go:331.31,335.17 4 0
github.com/FolkodeGroup/mediapp/internal/handlers/pacientes.go:335.17,342.4 3 0
github.com/FolkodeGroup/mediapp/internal/handlers/pacientes.go:342.9,348.4 2 0
github.com/FolkodeGroup/mediapp/internal/handlers/pacientes.go:351.2,360.4 1 0
github.com/FolkodeGroup/mediapp/internal/handlers/pacientes.go:371.57,394.31 5 0
github.com/FolkodeGroup/mediapp/internal/handlers/pacientes.go:394.31,404.3 2 0
github.com/FolkodeGroup/mediapp/internal/handlers/pacientes.go:407.2,415.16 3 0
github.com/FolkodeGroup/mediapp/internal/handlers/pacientes.go:415.16,423.3 3 0
github.com/FolkodeGroup/mediapp/internal/handlers/pacientes.go:424.2,427.18 3 0
github.com/FolkodeGroup/mediapp/internal/handlers/pacientes.go:427.18,432.17 4 0
github.com/FolkodeGroup/mediapp/internal/handlers/pacientes.go:432.17,434.12 2 0
github.com/FolkodeGroup/mediapp/internal/handlers/pacientes.go:437.3,442.27 2 0
github.com/FolkodeGroup/mediapp/internal/handlers/pacientes.go:442.27,444.4 1 0
github.com/FolkodeGroup/mediapp/internal/handlers/pacientes.go:445.3,445.36 1 0
github.com/FolkodeGroup/mediapp/internal/handlers/pacientes.go:448.2,453.4 1 0
github.com/FolkodeGroup/mediapp/internal/handlers/pacientes.go:463.60,487.35 7 0
github.com/FolkodeGroup/mediapp/internal/handlers/pacientes.go:487.35,494.17 5 0
github.com/FolkodeGroup/mediapp/internal/handlers/pacientes.go:494.17,501.4 5 0
github.com/FolkodeGroup/mediapp/internal/handlers/pacientes.go:501.9,515.18 6 0
github.com/FolkodeGroup/mediapp/internal/handlers/pacientes.go:515.18,519.5 2 0
github.com/FolkodeGroup/mediapp/internal/handlers/pacientes.go:519.10,521.21 2 0
github.com/FolkodeGroup/mediapp/internal/handlers/pacientes.go:521.21,526.20 4 0
github.com/FolkodeGroup/mediapp/internal/handlers/pacientes.go:526.20,527.15 1 0
github.com/FolkodeGroup/mediapp/internal/handlers/pacientes.go:530.6,535.30 2 0
github.com/FolkodeGroup/mediapp/internal/handlers/pacientes.go:535.30,537.7 1 0
github.com/FolkodeGroup/mediapp/internal/handlers/pacientes.go:538.6,538.39 1 0
github.com/FolkodeGroup/mediapp/internal/handlers/pacientes.go:540.5,542.46 3 0
github.com/FolkodeGroup/mediapp/internal/handlers/pacientes.go:546.4,546.17 1 0
github.com/FolkodeGroup/mediapp/internal/handlers/pacientes.go:546.17,549.19 3 0
github.com/FolkodeGroup/mediapp/internal/handlers/pacientes.go:549.19,551.6 1 0
github.com/FolkodeGroup/mediapp/internal/handlers/pacientes.go:551.11,554.28 2 0
github.com/FolkodeGroup/mediapp/internal/handlers/pacientes.go:554.28,558.46 3 0
github.com/FolkodeGroup/mediapp/internal/handlers/pacientes.go:558.46,560.8 1 0
github.com/FolkodeGroup/mediapp/internal/handlers/pacientes.go:563.7,565.29 3 0
github.com/FolkodeGroup/mediapp/internal/handlers/pacientes.go:565.29,567.8 1 0
github.com/FolkodeGroup/mediapp/internal/handlers/pacientes.go:569.7,569.59 1 0
github.com/FolkodeGroup/mediapp/internal/handlers/pacientes.go:569.59,571.44 2 0
github.com/FolkodeGroup/mediapp/internal/handlers/pacientes.go:571.44,573.9 1 0
github.com/FolkodeGroup/mediapp/internal/handlers/pacientes.go:574.8,574.38 1 0
github.com/FolkodeGroup/mediapp/internal/handlers/pacientes.go:577.6,579.46 3 0
github.com/FolkodeGroup/mediapp/internal/handlers/pacientes.go:584.3,584.39 1 0
github.com/FolkodeGroup/mediapp/internal/handlers/pacientes.go:588.2,603.4 2 0
