mode: set
github.com/FolkodeGroup/mediapp/internal/handlers/auth.go:37.63,44.2 1 1
github.com/FolkodeGroup/mediapp/internal/handlers/auth.go:57.45,62.54 2 1
github.com/FolkodeGroup/mediapp/internal/handlers/auth.go:62.54,63.39 1 0
github.com/FolkodeGroup/mediapp/internal/handlers/auth.go:63.39,65.4 1 0
github.com/FolkodeGroup/mediapp/internal/handlers/auth.go:68.2,73.52 2 1
github.com/FolkodeGroup/mediapp/internal/handlers/auth.go:73.52,76.3 2 1
github.com/FolkodeGroup/mediapp/internal/handlers/auth.go:78.2,106.35 8 1
github.com/FolkodeGroup/mediapp/internal/handlers/auth.go:106.35,112.3 3 1
github.com/FolkodeGroup/mediapp/internal/handlers/auth.go:112.8,112.23 1 1
github.com/FolkodeGroup/mediapp/internal/handlers/auth.go:112.23,118.3 3 1
github.com/FolkodeGroup/mediapp/internal/handlers/auth.go:122.2,126.27 2 1
github.com/FolkodeGroup/mediapp/internal/handlers/auth.go:126.27,137.3 3 1
github.com/FolkodeGroup/mediapp/internal/handlers/auth.go:141.2,146.56 2 1
github.com/FolkodeGroup/mediapp/internal/handlers/auth.go:146.56,155.17 3 1
github.com/FolkodeGroup/mediapp/internal/handlers/auth.go:155.17,159.4 1 1
github.com/FolkodeGroup/mediapp/internal/handlers/auth.go:161.3,170.9 3 1
github.com/FolkodeGroup/mediapp/internal/handlers/auth.go:174.2,181.16 3 1
github.com/FolkodeGroup/mediapp/internal/handlers/auth.go:181.16,186.3 1 1
github.com/FolkodeGroup/mediapp/internal/handlers/auth.go:189.2,190.16 2 1
github.com/FolkodeGroup/mediapp/internal/handlers/auth.go:190.16,196.3 3 1
github.com/FolkodeGroup/mediapp/internal/handlers/auth.go:199.2,220.4 2 1
github.com/FolkodeGroup/mediapp/internal/handlers/auth.go:234.48,244.49 2 1
github.com/FolkodeGroup/mediapp/internal/handlers/auth.go:244.49,247.3 2 1
github.com/FolkodeGroup/mediapp/internal/handlers/auth.go:249.2,250.16 2 1
github.com/FolkodeGroup/mediapp/internal/handlers/auth.go:250.16,253.3 2 0
github.com/FolkodeGroup/mediapp/internal/handlers/auth.go:255.2,258.16 3 1
github.com/FolkodeGroup/mediapp/internal/handlers/auth.go:258.16,262.3 3 0
github.com/FolkodeGroup/mediapp/internal/handlers/auth.go:264.2,269.16 2 1
github.com/FolkodeGroup/mediapp/internal/handlers/auth.go:269.16,274.3 4 0
github.com/FolkodeGroup/mediapp/internal/handlers/auth.go:276.2,279.4 1 1
github.com/FolkodeGroup/mediapp/internal/handlers/auth.go:283.57,285.22 2 1
github.com/FolkodeGroup/mediapp/internal/handlers/auth.go:285.22,288.3 2 1
github.com/FolkodeGroup/mediapp/internal/handlers/auth.go:290.2,292.16 3 1
github.com/FolkodeGroup/mediapp/internal/handlers/auth.go:292.16,295.3 2 0
github.com/FolkodeGroup/mediapp/internal/handlers/auth.go:297.2,298.16 2 1
github.com/FolkodeGroup/mediapp/internal/handlers/auth.go:298.16,301.3 2 1
github.com/FolkodeGroup/mediapp/internal/handlers/auth.go:303.2,308.4 1 1
github.com/FolkodeGroup/mediapp/internal/handlers/health.go:19.54,20.30 1 0
github.com/FolkodeGroup/mediapp/internal/handlers/health.go:20.30,22.18 2 0
github.com/FolkodeGroup/mediapp/internal/handlers/health.go:22.18,25.41 3 0
github.com/FolkodeGroup/mediapp/internal/handlers/health.go:25.41,27.5 1 0
github.com/FolkodeGroup/mediapp/internal/handlers/health.go:29.3,32.5 1 0
github.com/FolkodeGroup/mediapp/internal/handlers/pacientes.go:16.58,18.49 2 1
github.com/FolkodeGroup/mediapp/internal/handlers/pacientes.go:18.49,21.3 2 1
github.com/FolkodeGroup/mediapp/internal/handlers/pacientes.go:22.2,45.16 7 1
github.com/FolkodeGroup/mediapp/internal/handlers/pacientes.go:45.16,49.3 3 0
github.com/FolkodeGroup/mediapp/internal/handlers/pacientes.go:51.2,54.4 1 1
github.com/FolkodeGroup/mediapp/internal/handlers/pacientes.go:70.58,73.49 3 1
github.com/FolkodeGroup/mediapp/internal/handlers/pacientes.go:73.49,76.3 2 0
github.com/FolkodeGroup/mediapp/internal/handlers/pacientes.go:78.2,97.16 5 1
github.com/FolkodeGroup/mediapp/internal/handlers/pacientes.go:97.16,101.3 3 0
github.com/FolkodeGroup/mediapp/internal/handlers/pacientes.go:102.2,102.29 1 1
github.com/FolkodeGroup/mediapp/internal/handlers/pacientes.go:102.29,105.3 2 0
github.com/FolkodeGroup/mediapp/internal/handlers/pacientes.go:106.2,106.78 1 1
github.com/FolkodeGroup/mediapp/internal/handlers/pacientes.go:119.58,126.16 6 1
github.com/FolkodeGroup/mediapp/internal/handlers/pacientes.go:126.16,130.3 3 0
github.com/FolkodeGroup/mediapp/internal/handlers/pacientes.go:131.2,131.29 1 1
github.com/FolkodeGroup/mediapp/internal/handlers/pacientes.go:131.29,134.3 2 0
github.com/FolkodeGroup/mediapp/internal/handlers/pacientes.go:135.2,135.76 1 1
github.com/FolkodeGroup/mediapp/internal/handlers/pacientes.go:154.75,159.2 1 1
github.com/FolkodeGroup/mediapp/internal/handlers/pacientes.go:183.56,195.16 5 1
github.com/FolkodeGroup/mediapp/internal/handlers/pacientes.go:195.16,201.3 3 1
github.com/FolkodeGroup/mediapp/internal/handlers/pacientes.go:202.2,205.18 3 1
github.com/FolkodeGroup/mediapp/internal/handlers/pacientes.go:205.18,215.17 3 1
github.com/FolkodeGroup/mediapp/internal/handlers/pacientes.go:215.17,217.12 2 0
github.com/FolkodeGroup/mediapp/internal/handlers/pacientes.go:219.3,232.35 2 1
github.com/FolkodeGroup/mediapp/internal/handlers/pacientes.go:235.2,239.4 1 1
github.com/FolkodeGroup/mediapp/internal/handlers/pacientes.go:243.34,245.2 1 1
github.com/FolkodeGroup/mediapp/internal/handlers/pacientes.go:255.55,277.16 7 1
github.com/FolkodeGroup/mediapp/internal/handlers/pacientes.go:277.16,283.3 3 0
github.com/FolkodeGroup/mediapp/internal/handlers/pacientes.go:284.2,300.4 2 1
github.com/FolkodeGroup/mediapp/internal/handlers/pacientes.go:310.66,315.41 3 1
github.com/FolkodeGroup/mediapp/internal/handlers/pacientes.go:315.41,322.3 3 0
github.com/FolkodeGroup/mediapp/internal/handlers/pacientes.go:325.2,342.31 4 1
github.com/FolkodeGroup/mediapp/internal/handlers/pacientes.go:342.31,346.17 4 1
github.com/FolkodeGroup/mediapp/internal/handlers/pacientes.go:346.17,353.4 3 0
github.com/FolkodeGroup/mediapp/internal/handlers/pacientes.go:353.9,359.4 2 1
github.com/FolkodeGroup/mediapp/internal/handlers/pacientes.go:362.2,371.4 1 1
github.com/FolkodeGroup/mediapp/internal/handlers/pacientes.go:382.57,405.31 5 1
github.com/FolkodeGroup/mediapp/internal/handlers/pacientes.go:405.31,415.3 2 1
github.com/FolkodeGroup/mediapp/internal/handlers/pacientes.go:418.2,426.16 3 1
github.com/FolkodeGroup/mediapp/internal/handlers/pacientes.go:426.16,434.3 3 0
github.com/FolkodeGroup/mediapp/internal/handlers/pacientes.go:435.2,438.18 3 1
github.com/FolkodeGroup/mediapp/internal/handlers/pacientes.go:438.18,443.17 4 1
github.com/FolkodeGroup/mediapp/internal/handlers/pacientes.go:443.17,445.12 2 0
github.com/FolkodeGroup/mediapp/internal/handlers/pacientes.go:448.3,453.27 2 1
github.com/FolkodeGroup/mediapp/internal/handlers/pacientes.go:453.27,455.4 1 0
github.com/FolkodeGroup/mediapp/internal/handlers/pacientes.go:456.3,456.36 1 1
github.com/FolkodeGroup/mediapp/internal/handlers/pacientes.go:459.2,464.4 1 1
github.com/FolkodeGroup/mediapp/internal/handlers/pacientes.go:474.60,498.35 7 1
github.com/FolkodeGroup/mediapp/internal/handlers/pacientes.go:498.35,505.17 5 1
github.com/FolkodeGroup/mediapp/internal/handlers/pacientes.go:505.17,512.4 5 0
github.com/FolkodeGroup/mediapp/internal/handlers/pacientes.go:512.9,526.18 6 1
github.com/FolkodeGroup/mediapp/internal/handlers/pacientes.go:526.18,530.5 2 0
github.com/FolkodeGroup/mediapp/internal/handlers/pacientes.go:530.10,532.21 2 1
github.com/FolkodeGroup/mediapp/internal/handlers/pacientes.go:532.21,537.20 4 1
github.com/FolkodeGroup/mediapp/internal/handlers/pacientes.go:537.20,538.15 1 0
github.com/FolkodeGroup/mediapp/internal/handlers/pacientes.go:541.6,546.30 2 1
github.com/FolkodeGroup/mediapp/internal/handlers/pacientes.go:546.30,548.7 1 0
github.com/FolkodeGroup/mediapp/internal/handlers/pacientes.go:549.6,549.39 1 1
github.com/FolkodeGroup/mediapp/internal/handlers/pacientes.go:551.5,553.46 3 1
github.com/FolkodeGroup/mediapp/internal/handlers/pacientes.go:557.4,557.17 1 1
github.com/FolkodeGroup/mediapp/internal/handlers/pacientes.go:557.17,560.19 3 1
github.com/FolkodeGroup/mediapp/internal/handlers/pacientes.go:560.19,562.6 1 0
github.com/FolkodeGroup/mediapp/internal/handlers/pacientes.go:562.11,565.28 2 1
github.com/FolkodeGroup/mediapp/internal/handlers/pacientes.go:565.28,569.46 3 1
github.com/FolkodeGroup/mediapp/internal/handlers/pacientes.go:569.46,571.8 1 0
github.com/FolkodeGroup/mediapp/internal/handlers/pacientes.go:574.7,576.29 3 1
github.com/FolkodeGroup/mediapp/internal/handlers/pacientes.go:576.29,578.8 1 0
github.com/FolkodeGroup/mediapp/internal/handlers/pacientes.go:580.7,580.59 1 1
github.com/FolkodeGroup/mediapp/internal/handlers/pacientes.go:580.59,582.44 2 1
github.com/FolkodeGroup/mediapp/internal/handlers/pacientes.go:582.44,584.9 1 0
github.com/FolkodeGroup/mediapp/internal/handlers/pacientes.go:585.8,585.38 1 1
github.com/FolkodeGroup/mediapp/internal/handlers/pacientes.go:588.6,590.46 3 1
github.com/FolkodeGroup/mediapp/internal/handlers/pacientes.go:595.3,595.39 1 1
github.com/FolkodeGroup/mediapp/internal/handlers/pacientes.go:599.2,614.4 2 1
